\BOOKMARK [0][-]{chapter.1}{\376\377\0001\000\040\000M\000a\000i\000n\000\040\000P\000a\000g\000e}{}% 1
\BOOKMARK [0][-]{chapter.2}{\376\377\0002\000\040\000B\000u\000g\000\040\000L\000i\000s\000t}{}% 2
\BOOKMARK [0][-]{chapter.3}{\376\377\0003\000\040\000N\000a\000m\000e\000s\000p\000a\000c\000e\000\040\000I\000n\000d\000e\000x}{}% 3
\BOOKMARK [1][-]{section.3.1}{\376\377\0003\000.\0001\000\040\000N\000a\000m\000e\000s\000p\000a\000c\000e\000\040\000L\000i\000s\000t}{chapter.3}% 4
\BOOKMARK [0][-]{chapter.4}{\376\377\0004\000\040\000C\000l\000a\000s\000s\000\040\000I\000n\000d\000e\000x}{}% 5
\BOOKMARK [1][-]{section.4.1}{\376\377\0004\000.\0001\000\040\000C\000l\000a\000s\000s\000\040\000L\000i\000s\000t}{chapter.4}% 6
\BOOKMARK [0][-]{chapter.5}{\376\377\0005\000\040\000F\000i\000l\000e\000\040\000I\000n\000d\000e\000x}{}% 7
\BOOKMARK [1][-]{section.5.1}{\376\377\0005\000.\0001\000\040\000F\000i\000l\000e\000\040\000L\000i\000s\000t}{chapter.5}% 8
\BOOKMARK [0][-]{chapter.6}{\376\377\0006\000\040\000N\000a\000m\000e\000s\000p\000a\000c\000e\000\040\000D\000o\000c\000u\000m\000e\000n\000t\000a\000t\000i\000o\000n}{}% 9
\BOOKMARK [1][-]{section.6.1}{\376\377\0006\000.\0001\000\040\000a\000v\000d\000a\000\040\000N\000a\000m\000e\000s\000p\000a\000c\000e\000\040\000R\000e\000f\000e\000r\000e\000n\000c\000e}{chapter.6}% 10
\BOOKMARK [2][-]{subsection.6.1.1}{\376\377\0006\000.\0001\000.\0001\000\040\000D\000e\000t\000a\000i\000l\000e\000d\000\040\000D\000e\000s\000c\000r\000i\000p\000t\000i\000o\000n}{section.6.1}% 11
\BOOKMARK [2][-]{subsection.6.1.2}{\376\377\0006\000.\0001\000.\0002\000\040\000E\000n\000u\000m\000e\000r\000a\000t\000i\000o\000n\000\040\000T\000y\000p\000e\000\040\000D\000o\000c\000u\000m\000e\000n\000t\000a\000t\000i\000o\000n}{section.6.1}% 12
\BOOKMARK [3][-]{subsubsection.6.1.2.1}{\376\377\0006\000.\0001\000.\0002\000.\0001\000\040\000S\000i\000d\000e}{subsection.6.1.2}% 13
\BOOKMARK [2][-]{subsection.6.1.3}{\376\377\0006\000.\0001\000.\0003\000\040\000F\000u\000n\000c\000t\000i\000o\000n\000\040\000D\000o\000c\000u\000m\000e\000n\000t\000a\000t\000i\000o\000n}{section.6.1}% 14
\BOOKMARK [3][-]{subsubsection.6.1.3.1}{\376\377\0006\000.\0001\000.\0003\000.\0001\000\040\000a\000b\000s\000o\000l\000u\000t\000e}{subsection.6.1.3}% 15
\BOOKMARK [3][-]{subsubsection.6.1.3.2}{\376\377\0006\000.\0001\000.\0003\000.\0002\000\040\000a\000v\000e\000r\000a\000g\000e}{subsection.6.1.3}% 16
\BOOKMARK [3][-]{subsubsection.6.1.3.3}{\376\377\0006\000.\0001\000.\0003\000.\0003\000\040\000a\000v\000e\000r\000a\000g\000e}{subsection.6.1.3}% 17
\BOOKMARK [3][-]{subsubsection.6.1.3.4}{\376\377\0006\000.\0001\000.\0003\000.\0004\000\040\000d\000e\000c\000i\000b\000e\000l\000s}{subsection.6.1.3}% 18
\BOOKMARK [3][-]{subsubsection.6.1.3.5}{\376\377\0006\000.\0001\000.\0003\000.\0005\000\040\000d\000i\000f\000f}{subsection.6.1.3}% 19
\BOOKMARK [3][-]{subsubsection.6.1.3.6}{\376\377\0006\000.\0001\000.\0003\000.\0006\000\040\000f\000f\000t}{subsection.6.1.3}% 20
\BOOKMARK [3][-]{subsubsection.6.1.3.7}{\376\377\0006\000.\0001\000.\0003\000.\0007\000\040\000m\000a\000g}{subsection.6.1.3}% 21
\BOOKMARK [3][-]{subsubsection.6.1.3.8}{\376\377\0006\000.\0001\000.\0003\000.\0008\000\040\000m\000a\000x}{subsection.6.1.3}% 22
\BOOKMARK [3][-]{subsubsection.6.1.3.9}{\376\377\0006\000.\0001\000.\0003\000.\0009\000\040\000P\000a\000t\000i\000e\000n\000t\000N\000a\000m\000e}{subsection.6.1.3}% 23
\BOOKMARK [3][-]{subsubsection.6.1.3.10}{\376\377\0006\000.\0001\000.\0003\000.\0001\0000\000\040\000p\000r\000o\000c\000e\000s\000s}{subsection.6.1.3}% 24
\BOOKMARK [3][-]{subsubsection.6.1.3.11}{\376\377\0006\000.\0001\000.\0003\000.\0001\0001\000\040\000R\000e\000a\000d\000P\000a\000r\000a\000m\000s}{subsection.6.1.3}% 25
\BOOKMARK [3][-]{subsubsection.6.1.3.12}{\376\377\0006\000.\0001\000.\0003\000.\0001\0002\000\040\000s\000m\000o\000o\000t\000h}{subsection.6.1.3}% 26
\BOOKMARK [3][-]{subsubsection.6.1.3.13}{\376\377\0006\000.\0001\000.\0003\000.\0001\0003\000\040\000W\000r\000i\000t\000e\000P\000a\000r\000a\000m\000s}{subsection.6.1.3}% 27
\BOOKMARK [0][-]{chapter.7}{\376\377\0007\000\040\000C\000l\000a\000s\000s\000\040\000D\000o\000c\000u\000m\000e\000n\000t\000a\000t\000i\000o\000n}{}% 28
\BOOKMARK [1][-]{section.7.1}{\376\377\0007\000.\0001\000\040\000D\000a\000t\000a\000P\000a\000r\000a\000m\000s\000\040\000S\000t\000r\000u\000c\000t\000\040\000R\000e\000f\000e\000r\000e\000n\000c\000e}{chapter.7}% 29
\BOOKMARK [2][-]{subsection.7.1.1}{\376\377\0007\000.\0001\000.\0001\000\040\000D\000e\000t\000a\000i\000l\000e\000d\000\040\000D\000e\000s\000c\000r\000i\000p\000t\000i\000o\000n}{section.7.1}% 30
\BOOKMARK [2][-]{subsection.7.1.2}{\376\377\0007\000.\0001\000.\0002\000\040\000M\000e\000m\000b\000e\000r\000\040\000D\000a\000t\000a\000\040\000D\000o\000c\000u\000m\000e\000n\000t\000a\000t\000i\000o\000n}{section.7.1}% 31
\BOOKMARK [3][-]{subsubsection.7.1.2.1}{\376\377\0007\000.\0001\000.\0002\000.\0001\000\040\000f\000r\000e\000q}{subsection.7.1.2}% 32
\BOOKMARK [3][-]{subsubsection.7.1.2.2}{\376\377\0007\000.\0001\000.\0002\000.\0002\000\040\000n\000o\000i\000s\000e}{subsection.7.1.2}% 33
\BOOKMARK [1][-]{section.7.2}{\376\377\0007\000.\0002\000\040\000M\000a\000x\000i\000m\000u\000m\000\040\000S\000t\000r\000u\000c\000t\000\040\000R\000e\000f\000e\000r\000e\000n\000c\000e}{chapter.7}% 34
\BOOKMARK [2][-]{subsection.7.2.1}{\376\377\0007\000.\0002\000.\0001\000\040\000D\000e\000t\000a\000i\000l\000e\000d\000\040\000D\000e\000s\000c\000r\000i\000p\000t\000i\000o\000n}{section.7.2}% 35
\BOOKMARK [2][-]{subsection.7.2.2}{\376\377\0007\000.\0002\000.\0002\000\040\000M\000e\000m\000b\000e\000r\000\040\000D\000a\000t\000a\000\040\000D\000o\000c\000u\000m\000e\000n\000t\000a\000t\000i\000o\000n}{section.7.2}% 36
\BOOKMARK [3][-]{subsubsection.7.2.2.1}{\376\377\0007\000.\0002\000.\0002\000.\0001\000\040\000i\000n\000d\000e\000x}{subsection.7.2.2}% 37
\BOOKMARK [3][-]{subsubsection.7.2.2.2}{\376\377\0007\000.\0002\000.\0002\000.\0002\000\040\000v\000a\000l\000u\000e}{subsection.7.2.2}% 38
\BOOKMARK [0][-]{chapter.8}{\376\377\0008\000\040\000F\000i\000l\000e\000\040\000D\000o\000c\000u\000m\000e\000n\000t\000a\000t\000i\000o\000n}{}% 39
\BOOKMARK [1][-]{section.8.1}{\376\377\0008\000.\0001\000\040\000e\000t\000c\000/\000d\000o\000x\000y\000g\000e\000n\000.\000c\000o\000n\000f\000i\000g\000\040\000F\000i\000l\000e\000\040\000R\000e\000f\000e\000r\000e\000n\000c\000e}{chapter.8}% 40
\BOOKMARK [2][-]{subsection.8.1.1}{\376\377\0008\000.\0001\000.\0001\000\040\000D\000e\000t\000a\000i\000l\000e\000d\000\040\000D\000e\000s\000c\000r\000i\000p\000t\000i\000o\000n}{section.8.1}% 41
\BOOKMARK [1][-]{section.8.2}{\376\377\0008\000.\0002\000\040\000d\000o\000x\000y\000g\000e\000n\000.\000c\000o\000n\000f\000i\000g}{chapter.8}% 42
\BOOKMARK [1][-]{section.8.3}{\376\377\0008\000.\0003\000\040\000m\000a\000k\000e\000f\000i\000l\000e\000\040\000F\000i\000l\000e\000\040\000R\000e\000f\000e\000r\000e\000n\000c\000e}{chapter.8}% 43
\BOOKMARK [2][-]{subsection.8.3.1}{\376\377\0008\000.\0003\000.\0001\000\040\000D\000e\000t\000a\000i\000l\000e\000d\000\040\000D\000e\000s\000c\000r\000i\000p\000t\000i\000o\000n}{section.8.3}% 44
\BOOKMARK [1][-]{section.8.4}{\376\377\0008\000.\0004\000\040\000m\000a\000k\000e\000f\000i\000l\000e}{chapter.8}% 45
\BOOKMARK [1][-]{section.8.5}{\376\377\0008\000.\0005\000\040\000R\000E\000A\000D\000M\000E\000.\000m\000d\000\040\000F\000i\000l\000e\000\040\000R\000e\000f\000e\000r\000e\000n\000c\000e}{chapter.8}% 46
\BOOKMARK [2][-]{subsection.8.5.1}{\376\377\0008\000.\0005\000.\0001\000\040\000D\000e\000t\000a\000i\000l\000e\000d\000\040\000D\000e\000s\000c\000r\000i\000p\000t\000i\000o\000n}{section.8.5}% 47
\BOOKMARK [1][-]{section.8.6}{\376\377\0008\000.\0006\000\040\000R\000E\000A\000D\000M\000E\000.\000m\000d}{chapter.8}% 48
\BOOKMARK [1][-]{section.8.7}{\376\377\0008\000.\0007\000\040\000s\000r\000c\000/\000d\000e\000f\000i\000n\000i\000t\000i\000o\000n\000s\000.\000h\000p\000p\000\040\000F\000i\000l\000e\000\040\000R\000e\000f\000e\000r\000e\000n\000c\000e}{chapter.8}% 49
\BOOKMARK [2][-]{subsection.8.7.1}{\376\377\0008\000.\0007\000.\0001\000\040\000D\000e\000t\000a\000i\000l\000e\000d\000\040\000D\000e\000s\000c\000r\000i\000p\000t\000i\000o\000n}{section.8.7}% 50
\BOOKMARK [2][-]{subsection.8.7.2}{\376\377\0008\000.\0007\000.\0002\000\040\000M\000a\000c\000r\000o\000\040\000D\000e\000f\000i\000n\000i\000t\000i\000o\000n\000\040\000D\000o\000c\000u\000m\000e\000n\000t\000a\000t\000i\000o\000n}{section.8.7}% 51
\BOOKMARK [3][-]{subsubsection.8.7.2.1}{\376\377\0008\000.\0007\000.\0002\000.\0001\000\040\000E\000N\000U\000M}{subsection.8.7.2}% 52
\BOOKMARK [2][-]{subsection.8.7.3}{\376\377\0008\000.\0007\000.\0003\000\040\000T\000y\000p\000e\000d\000e\000f\000\040\000D\000o\000c\000u\000m\000e\000n\000t\000a\000t\000i\000o\000n}{section.8.7}% 53
\BOOKMARK [3][-]{subsubsection.8.7.3.1}{\376\377\0008\000.\0007\000.\0003\000.\0001\000\040\000b\000y\000t\000e}{subsection.8.7.3}% 54
\BOOKMARK [3][-]{subsubsection.8.7.3.2}{\376\377\0008\000.\0007\000.\0003\000.\0002\000\040\000c\000f\000l\000o\000a\000t\0003\0002}{subsection.8.7.3}% 55
\BOOKMARK [3][-]{subsubsection.8.7.3.3}{\376\377\0008\000.\0007\000.\0003\000.\0003\000\040\000f\000l\000o\000a\000t\0003\0002}{subsection.8.7.3}% 56
\BOOKMARK [3][-]{subsubsection.8.7.3.4}{\376\377\0008\000.\0007\000.\0003\000.\0004\000\040\000f\000l\000o\000a\000t\0006\0004}{subsection.8.7.3}% 57
\BOOKMARK [3][-]{subsubsection.8.7.3.5}{\376\377\0008\000.\0007\000.\0003\000.\0005\000\040\000s\000i\000n\000t\0001\0006}{subsection.8.7.3}% 58
\BOOKMARK [3][-]{subsubsection.8.7.3.6}{\376\377\0008\000.\0007\000.\0003\000.\0006\000\040\000s\000i\000n\000t\0003\0002}{subsection.8.7.3}% 59
\BOOKMARK [3][-]{subsubsection.8.7.3.7}{\376\377\0008\000.\0007\000.\0003\000.\0007\000\040\000s\000i\000n\000t\0006\0004}{subsection.8.7.3}% 60
\BOOKMARK [3][-]{subsubsection.8.7.3.8}{\376\377\0008\000.\0007\000.\0003\000.\0008\000\040\000s\000i\000n\000t\0008}{subsection.8.7.3}% 61
\BOOKMARK [3][-]{subsubsection.8.7.3.9}{\376\377\0008\000.\0007\000.\0003\000.\0009\000\040\000u\000i\000n\000t\0001\0006}{subsection.8.7.3}% 62
\BOOKMARK [3][-]{subsubsection.8.7.3.10}{\376\377\0008\000.\0007\000.\0003\000.\0001\0000\000\040\000u\000i\000n\000t\0003\0002}{subsection.8.7.3}% 63
\BOOKMARK [3][-]{subsubsection.8.7.3.11}{\376\377\0008\000.\0007\000.\0003\000.\0001\0001\000\040\000u\000i\000n\000t\0006\0004}{subsection.8.7.3}% 64
\BOOKMARK [3][-]{subsubsection.8.7.3.12}{\376\377\0008\000.\0007\000.\0003\000.\0001\0002\000\040\000u\000i\000n\000t\0008}{subsection.8.7.3}% 65
\BOOKMARK [2][-]{subsection.8.7.4}{\376\377\0008\000.\0007\000.\0004\000\040\000V\000a\000r\000i\000a\000b\000l\000e\000\040\000D\000o\000c\000u\000m\000e\000n\000t\000a\000t\000i\000o\000n}{section.8.7}% 66
\BOOKMARK [3][-]{subsubsection.8.7.4.1}{\376\377\0008\000.\0007\000.\0004\000.\0001\000\040\000B\000U\000F\000F\000E\000R\000\137\000S\000I\000Z\000E}{subsection.8.7.4}% 67
\BOOKMARK [3][-]{subsubsection.8.7.4.2}{\376\377\0008\000.\0007\000.\0004\000.\0002\000\040\000C\000S\000V\000\137\000H\000E\000A\000D\000E\000R}{subsection.8.7.4}% 68
\BOOKMARK [3][-]{subsubsection.8.7.4.3}{\376\377\0008\000.\0007\000.\0004\000.\0003\000\040\000D\000E\000T\000\137\000T\000H\000R\000E\000S\000H}{subsection.8.7.4}% 69
\BOOKMARK [3][-]{subsubsection.8.7.4.4}{\376\377\0008\000.\0007\000.\0004\000.\0004\000\040\000D\000U\000R\000A\000T\000I\000O\000N}{subsection.8.7.4}% 70
\BOOKMARK [3][-]{subsubsection.8.7.4.5}{\376\377\0008\000.\0007\000.\0004\000.\0005\000\040\000E\000R\000R\000O\000R}{subsection.8.7.4}% 71
\BOOKMARK [3][-]{subsubsection.8.7.4.6}{\376\377\0008\000.\0007\000.\0004\000.\0006\000\040\000M\000A\000X\000\137\000D\000R\000O\000P\000\137\000F\000R\000E\000Q}{subsection.8.7.4}% 72
\BOOKMARK [3][-]{subsubsection.8.7.4.7}{\376\377\0008\000.\0007\000.\0004\000.\0007\000\040\000P\000A\000T\000I\000E\000N\000T\000\137\000P\000A\000T\000H}{subsection.8.7.4}% 73
\BOOKMARK [3][-]{subsubsection.8.7.4.8}{\376\377\0008\000.\0007\000.\0004\000.\0008\000\040\000R\000E\000C\000\137\000C\000O\000U\000N\000T}{subsection.8.7.4}% 74
\BOOKMARK [3][-]{subsubsection.8.7.4.9}{\376\377\0008\000.\0007\000.\0004\000.\0009\000\040\000S\000A\000M\000P\000L\000E\000\137\000C\000O\000U\000N\000T}{subsection.8.7.4}% 75
\BOOKMARK [3][-]{subsubsection.8.7.4.10}{\376\377\0008\000.\0007\000.\0004\000.\0001\0000\000\040\000S\000A\000M\000P\000L\000E\000\137\000F\000R\000E\000Q}{subsection.8.7.4}% 76
\BOOKMARK [3][-]{subsubsection.8.7.4.11}{\376\377\0008\000.\0007\000.\0004\000.\0001\0001\000\040\000T\000E\000M\000P\000\137\000F\000I\000L\000E}{subsection.8.7.4}% 77
\BOOKMARK [1][-]{section.8.8}{\376\377\0008\000.\0008\000\040\000d\000e\000f\000i\000n\000i\000t\000i\000o\000n\000s\000.\000h\000p\000p}{chapter.8}% 78
\BOOKMARK [1][-]{section.8.9}{\376\377\0008\000.\0009\000\040\000s\000r\000c\000/\000f\000i\000l\000e\000i\000o\000.\000h\000p\000p\000\040\000F\000i\000l\000e\000\040\000R\000e\000f\000e\000r\000e\000n\000c\000e}{chapter.8}% 79
\BOOKMARK [2][-]{subsection.8.9.1}{\376\377\0008\000.\0009\000.\0001\000\040\000D\000e\000t\000a\000i\000l\000e\000d\000\040\000D\000e\000s\000c\000r\000i\000p\000t\000i\000o\000n}{section.8.9}% 80
\BOOKMARK [1][-]{section.8.10}{\376\377\0008\000.\0001\0000\000\040\000f\000i\000l\000e\000i\000o\000.\000h\000p\000p}{chapter.8}% 81
\BOOKMARK [1][-]{section.8.11}{\376\377\0008\000.\0001\0001\000\040\000s\000r\000c\000/\000f\000i\000l\000e\000i\000o\000\137\000t\000e\000s\000t\000.\000c\000p\000p\000\040\000F\000i\000l\000e\000\040\000R\000e\000f\000e\000r\000e\000n\000c\000e}{chapter.8}% 82
\BOOKMARK [2][-]{subsection.8.11.1}{\376\377\0008\000.\0001\0001\000.\0001\000\040\000D\000e\000t\000a\000i\000l\000e\000d\000\040\000D\000e\000s\000c\000r\000i\000p\000t\000i\000o\000n}{section.8.11}% 83
\BOOKMARK [2][-]{subsection.8.11.2}{\376\377\0008\000.\0001\0001\000.\0002\000\040\000F\000u\000n\000c\000t\000i\000o\000n\000\040\000D\000o\000c\000u\000m\000e\000n\000t\000a\000t\000i\000o\000n}{section.8.11}% 84
\BOOKMARK [3][-]{subsubsection.8.11.2.1}{\376\377\0008\000.\0001\0001\000.\0002\000.\0001\000\040\000m\000a\000i\000n}{subsection.8.11.2}% 85
\BOOKMARK [1][-]{section.8.12}{\376\377\0008\000.\0001\0002\000\040\000f\000i\000l\000e\000i\000o\000\137\000t\000e\000s\000t\000.\000c\000p\000p}{chapter.8}% 86
\BOOKMARK [1][-]{section.8.13}{\376\377\0008\000.\0001\0003\000\040\000s\000r\000c\000/\000m\000a\000i\000n\000.\000c\000p\000p\000\040\000F\000i\000l\000e\000\040\000R\000e\000f\000e\000r\000e\000n\000c\000e}{chapter.8}% 87
\BOOKMARK [2][-]{subsection.8.13.1}{\376\377\0008\000.\0001\0003\000.\0001\000\040\000D\000e\000t\000a\000i\000l\000e\000d\000\040\000D\000e\000s\000c\000r\000i\000p\000t\000i\000o\000n}{section.8.13}% 88
\BOOKMARK [2][-]{subsection.8.13.2}{\376\377\0008\000.\0001\0003\000.\0002\000\040\000F\000u\000n\000c\000t\000i\000o\000n\000\040\000D\000o\000c\000u\000m\000e\000n\000t\000a\000t\000i\000o\000n}{section.8.13}% 89
\BOOKMARK [3][-]{subsubsection.8.13.2.1}{\376\377\0008\000.\0001\0003\000.\0002\000.\0001\000\040\000m\000a\000i\000n}{subsection.8.13.2}% 90
\BOOKMARK [1][-]{section.8.14}{\376\377\0008\000.\0001\0004\000\040\000m\000a\000i\000n\000.\000c\000p\000p}{chapter.8}% 91
\BOOKMARK [1][-]{section.8.15}{\376\377\0008\000.\0001\0005\000\040\000s\000r\000c\000/\000p\000a\000t\000i\000e\000n\000t\000\137\000n\000a\000m\000e\000\137\000t\000e\000s\000t\000.\000c\000p\000p\000\040\000F\000i\000l\000e\000\040\000R\000e\000f\000e\000r\000e\000n\000c\000e}{chapter.8}% 92
\BOOKMARK [2][-]{subsection.8.15.1}{\376\377\0008\000.\0001\0005\000.\0001\000\040\000D\000e\000t\000a\000i\000l\000e\000d\000\040\000D\000e\000s\000c\000r\000i\000p\000t\000i\000o\000n}{section.8.15}% 93
\BOOKMARK [2][-]{subsection.8.15.2}{\376\377\0008\000.\0001\0005\000.\0002\000\040\000F\000u\000n\000c\000t\000i\000o\000n\000\040\000D\000o\000c\000u\000m\000e\000n\000t\000a\000t\000i\000o\000n}{section.8.15}% 94
\BOOKMARK [3][-]{subsubsection.8.15.2.1}{\376\377\0008\000.\0001\0005\000.\0002\000.\0001\000\040\000m\000a\000i\000n}{subsection.8.15.2}% 95
\BOOKMARK [1][-]{section.8.16}{\376\377\0008\000.\0001\0006\000\040\000p\000a\000t\000i\000e\000n\000t\000\137\000n\000a\000m\000e\000\137\000t\000e\000s\000t\000.\000c\000p\000p}{chapter.8}% 96
\BOOKMARK [1][-]{section.8.17}{\376\377\0008\000.\0001\0007\000\040\000s\000r\000c\000/\000p\000r\000o\000c\000e\000s\000s\000.\000h\000p\000p\000\040\000F\000i\000l\000e\000\040\000R\000e\000f\000e\000r\000e\000n\000c\000e}{chapter.8}% 97
\BOOKMARK [2][-]{subsection.8.17.1}{\376\377\0008\000.\0001\0007\000.\0001\000\040\000D\000e\000t\000a\000i\000l\000e\000d\000\040\000D\000e\000s\000c\000r\000i\000p\000t\000i\000o\000n}{section.8.17}% 98
\BOOKMARK [1][-]{section.8.18}{\376\377\0008\000.\0001\0008\000\040\000p\000r\000o\000c\000e\000s\000s\000.\000h\000p\000p}{chapter.8}% 99
\BOOKMARK [1][-]{section.8.19}{\376\377\0008\000.\0001\0009\000\040\000s\000r\000c\000/\000p\000r\000o\000c\000e\000s\000s\000\137\000t\000e\000s\000t\000.\000c\000p\000p\000\040\000F\000i\000l\000e\000\040\000R\000e\000f\000e\000r\000e\000n\000c\000e}{chapter.8}% 100
\BOOKMARK [2][-]{subsection.8.19.1}{\376\377\0008\000.\0001\0009\000.\0001\000\040\000D\000e\000t\000a\000i\000l\000e\000d\000\040\000D\000e\000s\000c\000r\000i\000p\000t\000i\000o\000n}{section.8.19}% 101
\BOOKMARK [2][-]{subsection.8.19.2}{\376\377\0008\000.\0001\0009\000.\0002\000\040\000M\000a\000c\000r\000o\000\040\000D\000e\000f\000i\000n\000i\000t\000i\000o\000n\000\040\000D\000o\000c\000u\000m\000e\000n\000t\000a\000t\000i\000o\000n}{section.8.19}% 102
\BOOKMARK [3][-]{subsubsection.8.19.2.1}{\376\377\0008\000.\0001\0009\000.\0002\000.\0001\000\040\000C\000O\000U\000N\000T}{subsection.8.19.2}% 103
\BOOKMARK [2][-]{subsection.8.19.3}{\376\377\0008\000.\0001\0009\000.\0003\000\040\000F\000u\000n\000c\000t\000i\000o\000n\000\040\000D\000o\000c\000u\000m\000e\000n\000t\000a\000t\000i\000o\000n}{section.8.19}% 104
\BOOKMARK [3][-]{subsubsection.8.19.3.1}{\376\377\0008\000.\0001\0009\000.\0003\000.\0001\000\040\000m\000a\000i\000n}{subsection.8.19.3}% 105
\BOOKMARK [1][-]{section.8.20}{\376\377\0008\000.\0002\0000\000\040\000p\000r\000o\000c\000e\000s\000s\000\137\000t\000e\000s\000t\000.\000c\000p\000p}{chapter.8}% 106
\BOOKMARK [1][-]{section.8.21}{\376\377\0008\000.\0002\0001\000\040\000s\000r\000c\000/\000s\000i\000g\000m\000a\000t\000h\000.\000h\000p\000p\000\040\000F\000i\000l\000e\000\040\000R\000e\000f\000e\000r\000e\000n\000c\000e}{chapter.8}% 107
\BOOKMARK [2][-]{subsection.8.21.1}{\376\377\0008\000.\0002\0001\000.\0001\000\040\000D\000e\000t\000a\000i\000l\000e\000d\000\040\000D\000e\000s\000c\000r\000i\000p\000t\000i\000o\000n}{section.8.21}% 108
\BOOKMARK [1][-]{section.8.22}{\376\377\0008\000.\0002\0002\000\040\000s\000i\000g\000m\000a\000t\000h\000.\000h\000p\000p}{chapter.8}% 109
\BOOKMARK [1][-]{section.8.23}{\376\377\0008\000.\0002\0003\000\040\000s\000r\000c\000/\000s\000t\000d\000i\000n\000\137\000c\000l\000e\000a\000r\000\137\000t\000e\000s\000t\000.\000c\000p\000p\000\040\000F\000i\000l\000e\000\040\000R\000e\000f\000e\000r\000e\000n\000c\000e}{chapter.8}% 110
\BOOKMARK [2][-]{subsection.8.23.1}{\376\377\0008\000.\0002\0003\000.\0001\000\040\000D\000e\000t\000a\000i\000l\000e\000d\000\040\000D\000e\000s\000c\000r\000i\000p\000t\000i\000o\000n}{section.8.23}% 111
\BOOKMARK [2][-]{subsection.8.23.2}{\376\377\0008\000.\0002\0003\000.\0002\000\040\000M\000a\000c\000r\000o\000\040\000D\000e\000f\000i\000n\000i\000t\000i\000o\000n\000\040\000D\000o\000c\000u\000m\000e\000n\000t\000a\000t\000i\000o\000n}{section.8.23}% 112
\BOOKMARK [3][-]{subsubsection.8.23.2.1}{\376\377\0008\000.\0002\0003\000.\0002\000.\0001\000\040\000C\000O\000U\000N\000T}{subsection.8.23.2}% 113
\BOOKMARK [2][-]{subsection.8.23.3}{\376\377\0008\000.\0002\0003\000.\0003\000\040\000F\000u\000n\000c\000t\000i\000o\000n\000\040\000D\000o\000c\000u\000m\000e\000n\000t\000a\000t\000i\000o\000n}{section.8.23}% 114
\BOOKMARK [3][-]{subsubsection.8.23.3.1}{\376\377\0008\000.\0002\0003\000.\0003\000.\0001\000\040\000m\000a\000i\000n}{subsection.8.23.3}% 115
\BOOKMARK [1][-]{section.8.24}{\376\377\0008\000.\0002\0004\000\040\000s\000t\000d\000i\000n\000\137\000c\000l\000e\000a\000r\000\137\000t\000e\000s\000t\000.\000c\000p\000p}{chapter.8}% 116
\BOOKMARK [0][-]{section*.28}{\376\377\000I\000n\000d\000e\000x}{}% 117
